C51 COMPILER V9.60.0.0   MAIN                                                              12/18/2021 03:14:47 PAGE 1   


C51 COMPILER V9.60.0.0, COMPILATION OF MODULE MAIN
OBJECT MODULE PLACED IN .\Objects\main.obj
COMPILER INVOKED BY: C:\Keil_v5\C51\BIN\C51.EXE main.c OPTIMIZE(8,SPEED) BROWSE DEBUG OBJECTEXTEND PRINT(.\Listings\main
                    -.lst) TABS(2) OBJECT(.\Objects\main.obj)

line level    source

   1          #include <reg52.h>
   2          #include <intrins.h>
   3          
   4          sbit led0 = P0^0;
   5          sbit led1 = P0^1;
   6          sbit led2 = P0^2;
   7          sbit led3 = P0^3;
   8          sbit led4 = P0^4;
   9          sbit led5 = P0^5;
  10          sbit led6 = P0^6;
  11          sbit led7 = P0^7;
  12          
  13          
  14          unsigned char IR_Time;
  15          
  16          unsigned char IR_Date[33];
  17          
  18          unsigned char IR_Byte[4]; 
  19          bit StartFlag; 
  20          
  21          bit IR_DateOK; 
  22          
  23          bit IR_DecodeOK;
  24          
  25          void init()
  26          {EA=1; 
  27   1      ET0=1;
  28   1      TMOD|=0x02;
  29   1      TH0=TL0=0;
  30   1      TR0=1;
  31   1      
  32   1      EX0=1;
  33   1      IT0=1; 
  34   1      
  35   1      TMOD|=0x20;
  36   1      TH1=0xfd;
  37   1      TL1=0xfd; 
  38   1      TR1=1; 
  39   1      SM1=1;
  40   1      }
  41          
  42          void time0( )interrupt 1 
  43          {IR_Time++;
  44   1      }
  45          
  46          void int0( )interrupt 0
  47          {static unsigned char i; 
  48   1      
  49   1      if(StartFlag)
  50   1      {
  51   2      if((IR_Time>=32)&&(IR_Time<53)) i=0;
  52   2      IR_Date[i]=IR_Time;
  53   2      IR_Time=0;
  54   2      i++;
C51 COMPILER V9.60.0.0   MAIN                                                              12/18/2021 03:14:47 PAGE 2   

  55   2      if(i==33)
  56   2      {i=0; 
  57   3      IR_DateOK=1; 
  58   3      StartFlag=0; 
  59   3      }
  60   2      }
  61   1      else
  62   1      {StartFlag=1; 
  63   2      IR_Time=0; 
  64   2      }
  65   1      }
  66          
  67          void IR_Decode()
  68          {unsigned char i,j,k=1; 
  69   1      for(i=0;i<4;i++)
  70   1      {for(j=0;j<8;j++)
  71   2      {if(IR_Date[k]>5) IR_Byte[i]|=0x80; 
  72   3      if(j<7) IR_Byte[i]>>=1; 
  73   3      k++;
  74   3      }
  75   2      }
  76   1      if(k==33)
  77   1      IR_DecodeOK=1; 
  78   1      
  79   1      }
  80          
  81          void main()
  82          { 
  83   1        unsigned char i; 
  84   1      init(); 
  85   1        
  86   1      while(1)
  87   1      { 
  88   2            if(IR_DateOK)
  89   2          { 
  90   3            IR_DateOK=0;
  91   3            IR_Decode(); 
  92   3            
  93   3            if(IR_DecodeOK) 
  94   3            { 
  95   4              IR_DecodeOK=0;
  96   4              switch(IR_Byte[2])
  97   4              {
  98   5                case 0x45: led0 = ~led0; break;
  99   5                case 0x46: led1 = ~led1; break;
 100   5                case 0x47: led2 = ~led2; break;
 101   5                case 0x44: led3 = ~led3; break;
 102   5                case 0x40: led4 = ~led4; break;
 103   5                case 0x43: led5 = ~led5; break;
 104   5                case 0x07: led6 = ~led6; break;
 105   5                case 0x15: led7 = ~led7; break;
 106   5                case 0x09: led7 = ~led7; break;
 107   5                default: P0 = 0XFF; break;
 108   5              }
 109   4      
 110   4              SBUF=IR_Byte[2]; 
 111   4              while(!TI);
 112   4              TI=0; 
 113   4              
 114   4            }
 115   3          }
 116   2      }
C51 COMPILER V9.60.0.0   MAIN                                                              12/18/2021 03:14:47 PAGE 3   

 117   1      }
*** WARNING C280 IN LINE 83 OF main.c: 'i': unreferenced local variable


MODULE INFORMATION:   STATIC OVERLAYABLE
   CODE SIZE        =    311    ----
   CONSTANT SIZE    =   ----    ----
   XDATA SIZE       =   ----    ----
   PDATA SIZE       =   ----    ----
   DATA SIZE        =     39       2
   IDATA SIZE       =   ----    ----
   BIT SIZE         =      3    ----
END OF MODULE INFORMATION.


C51 COMPILATION COMPLETE.  1 WARNING(S),  0 ERROR(S)
