C51 COMPILER V9.60.0.0   MIAN                                                              12/18/2021 00:46:25 PAGE 1   


C51 COMPILER V9.60.0.0, COMPILATION OF MODULE MIAN
OBJECT MODULE PLACED IN .\Objects\mian.obj
COMPILER INVOKED BY: C:\Keil_v5\C51\BIN\C51.EXE mian.c OMF2 OPTIMIZE(8,SPEED) BROWSE DEBUG PRINT(.\Listings\mian.lst) TA
                    -BS(2) OBJECT(.\Objects\mian.obj)

line level    source

   1          #include "reg52.h"
   2          
   3          sbit LED1 = P1^0;
   4          
   5          void main(void)
   6          {
   7   1        LED1 = 0;
   8   1        while(1);
   9   1      }


MODULE INFORMATION:   STATIC OVERLAYABLE
   CODE SIZE        =      4    ----
   CONSTANT SIZE    =   ----    ----
   XDATA SIZE       =   ----    ----
   PDATA SIZE       =   ----    ----
   DATA SIZE        =   ----    ----
   IDATA SIZE       =   ----    ----
   BIT SIZE         =   ----    ----
   EDATA SIZE       =   ----    ----
   HDATA SIZE       =   ----    ----
   XDATA CONST SIZE =   ----    ----
   FAR CONST SIZE   =   ----    ----
END OF MODULE INFORMATION.


C51 COMPILATION COMPLETE.  0 WARNING(S),  0 ERROR(S)
